Using pre-set license

 COMMAND LINE ARGUMENTS:
/Applications/Unity/Hub/Editor/2020.2.1f1/Unity.app/Contents/MacOS/Unity
-adb2
-batchMode
-noUpm
-name
AssetImportWorker0
-projectPath
/Users/dominicbarrett/Documents/NYU-ITP Employment/Fast Fun Class/Unity Work/Fast Fun Example Two/Fast Fun Example 2 - OSC
-logFile
Logs/AssetImportWorker0.log
-srvPort
61288
Successfully changed project path to: /Users/dominicbarrett/Documents/NYU-ITP Employment/Fast Fun Class/Unity Work/Fast Fun Example Two/Fast Fun Example 2 - OSC
/Users/dominicbarrett/Documents/NYU-ITP Employment/Fast Fun Class/Unity Work/Fast Fun Example Two/Fast Fun Example 2 - OSC
Using Asset Import Pipeline V2.
Refreshing native plugins compatible for Editor in 36.85 ms, found 1 plugins.
Preloading 0 native plugins for Editor in 0.00 ms.
Initialize engine version: 2020.2.1f1 (270dd8c3da1c)
[Subsystems] Discovering subsystems at path /Applications/Unity/Hub/Editor/2020.2.1f1/Unity.app/Contents/Resources/UnitySubsystems
[Subsystems] Discovering subsystems at path /Users/dominicbarrett/Documents/NYU-ITP Employment/Fast Fun Class/Unity Work/Fast Fun Example Two/Fast Fun Example 2 - OSC/Assets
GfxDevice: creating device client; threaded=0
2021-04-11 15:30:47.636 Unity[49118:4151812] Color LCD preferred device: AMD Radeon Pro 460 (high power)
2021-04-11 15:30:47.637 Unity[49118:4151812] Metal devices available: 2
2021-04-11 15:30:47.637 Unity[49118:4151812] 0: AMD Radeon Pro 460 (high power)
2021-04-11 15:30:47.637 Unity[49118:4151812] 1: Intel(R) HD Graphics 530 (low power)
2021-04-11 15:30:47.638 Unity[49118:4151812] Using device AMD Radeon Pro 460 (high power)
Initializing Metal device caps: AMD Radeon Pro 460
Initialize mono
Mono path[0] = '/Applications/Unity/Hub/Editor/2020.2.1f1/Unity.app/Contents/Managed'
Mono path[1] = '/Applications/Unity/Hub/Editor/2020.2.1f1/Unity.app/Contents/MonoBleedingEdge/lib/mono/unityjit'
Mono config path = '/Applications/Unity/Hub/Editor/2020.2.1f1/Unity.app/Contents/MonoBleedingEdge/etc'
Using monoOptions --debugger-agent=transport=dt_socket,embedding=1,server=y,suspend=n,address=127.0.0.1:56118
Begin MonoManager ReloadAssembly
Registering precompiled unity dll's ...
Register platform support module: /Applications/Unity/Hub/Editor/2020.2.1f1/PlaybackEngines/WebGLSupport/UnityEditor.WebGL.Extensions.dll
Register platform support module: /Applications/Unity/Hub/Editor/2020.2.1f1/Unity.app/Contents/PlaybackEngines/MacStandaloneSupport/UnityEditor.OSXStandalone.Extensions.dll
Register platform support module: /Applications/Unity/Hub/Editor/2020.2.1f1/PlaybackEngines/WindowsStandaloneSupport/UnityEditor.WindowsStandalone.Extensions.dll
Registered in 0.000927 seconds.
Native extension for WindowsStandalone target not found
Native extension for OSXStandalone target not found
Native extension for WebGL target not found
Refreshing native plugins compatible for Editor in 36.60 ms, found 1 plugins.
Preloading 0 native plugins for Editor in 0.00 ms.
Invoked RoslynAnalysisRunner static constructor.
RoslynAnalysisRunner will not be running.
RoslynAnalysisRunner has terminated.
Mono: successfully reloaded assembly
- Completed reload, in  4.532 seconds
Platform modules already initialized, skipping
Registering precompiled user dll's ...
Registered in 0.000731 seconds.
Begin MonoManager ReloadAssembly
Native extension for WindowsStandalone target not found
Native extension for OSXStandalone target not found
Native extension for WebGL target not found
Refreshing native plugins compatible for Editor in 0.21 ms, found 1 plugins.
Preloading 0 native plugins for Editor in 0.00 ms.
Invoked RoslynAnalysisRunner static constructor.
RoslynAnalysisRunner will not be running.
RoslynAnalysisRunner has terminated.
Mono: successfully reloaded assembly
- Completed reload, in  1.145 seconds
Platform modules already initialized, skipping
========================================================================
Worker process is ready to serve import requests
Launching external process: /Applications/Unity/Hub/Editor/2020.2.1f1/Unity.app/Contents/Tools/UnityShaderCompiler
Launched and connected shader compiler UnityShaderCompiler after 0.03 seconds
Refreshing native plugins compatible for Editor in 0.25 ms, found 1 plugins.
Preloading 0 native plugins for Editor in 0.00 ms.
Unloading 1096 Unused Serialized files (Serialized files now loaded: 0)
System memory in use before: 114.1 MB.
System memory in use after: 114.1 MB.

Unloading 10 unused Assets to reduce memory usage. Loaded Objects now: 1537.
Total: 2.491405 ms (FindLiveObjects: 0.210802 ms CreateObjectMapping: 0.066456 ms MarkObjects: 2.119242 ms  DeleteObjects: 0.092823 ms)

========================================================================
Received Import Request.
  path: Assets/OSC
  artifactKey: Guid(0af0a3143af93430e93947b1e71f7078) Importer(815301076,1909f56bfc062723c751e8b465ee728b)
Start importing Assets/OSC using Guid(0af0a3143af93430e93947b1e71f7078) Importer(815301076,1909f56bfc062723c751e8b465ee728b)  -> (artifact id: '58c35bd29249cecf7fcc46dba774a7e3') in 0.004785 seconds
  Import took 0.008579 seconds .

========================================================================
Received Import Request.
  Time since last request: 84.171470 seconds.
  path: Assets/OSC/OSC.cs
  artifactKey: Guid(a065e273f9c6cb7478c7460c21ef0f64) Importer(815301076,1909f56bfc062723c751e8b465ee728b)
Start importing Assets/OSC/OSC.cs using Guid(a065e273f9c6cb7478c7460c21ef0f64) Importer(815301076,1909f56bfc062723c751e8b465ee728b)  -> (artifact id: 'e813976667309a22f5da689a75d38c7d') in 0.435040 seconds
  Import took 0.437963 seconds .

========================================================================
Received Import Request.
  Time since last request: 0.061028 seconds.
  path: Assets/OSC/OSC.cs
  artifactKey: Guid(a065e273f9c6cb7478c7460c21ef0f64) Importer(815301076,1909f56bfc062723c751e8b465ee728b)
Start importing Assets/OSC/OSC.cs using Guid(a065e273f9c6cb7478c7460c21ef0f64) Importer(815301076,1909f56bfc062723c751e8b465ee728b)  -> (artifact id: 'e813976667309a22f5da689a75d38c7d') in 0.003930 seconds
  Import took 0.006164 seconds .

========================================================================
Received Import Request.
  Time since last request: 20.570114 seconds.
  path: Assets/ReceivePosition.cs
  artifactKey: Guid(8c293f6cb702b41cf9a780ea4708e42b) Importer(815301076,1909f56bfc062723c751e8b465ee728b)
Start importing Assets/ReceivePosition.cs using Guid(8c293f6cb702b41cf9a780ea4708e42b) Importer(815301076,1909f56bfc062723c751e8b465ee728b)  -> (artifact id: 'd263aa620d7fc6d926efbb727e0fc84b') in 0.005162 seconds
  Import took 0.008239 seconds .

========================================================================
Received Prepare
Registering precompiled user dll's ...
Registered in 0.000473 seconds.
Begin MonoManager ReloadAssembly
Native extension for WindowsStandalone target not found
Native extension for OSXStandalone target not found
Native extension for WebGL target not found
Refreshing native plugins compatible for Editor in 0.23 ms, found 1 plugins.
Preloading 0 native plugins for Editor in 0.00 ms.
Invoked RoslynAnalysisRunner static constructor.
RoslynAnalysisRunner will not be running.
RoslynAnalysisRunner has terminated.
Mono: successfully reloaded assembly
- Completed reload, in  1.123 seconds
Platform modules already initialized, skipping
Refreshing native plugins compatible for Editor in 0.22 ms, found 1 plugins.
Preloading 0 native plugins for Editor in 0.00 ms.
Unloading 1091 Unused Serialized files (Serialized files now loaded: 0)
System memory in use before: 118.7 MB.
System memory in use after: 118.7 MB.

Unloading 5 unused Assets to reduce memory usage. Loaded Objects now: 1539.
Total: 1.765913 ms (FindLiveObjects: 0.209787 ms CreateObjectMapping: 0.038942 ms MarkObjects: 1.457815 ms  DeleteObjects: 0.058523 ms)

========================================================================
Received Prepare
Registering precompiled user dll's ...
Registered in 0.000471 seconds.
Begin MonoManager ReloadAssembly
Native extension for WindowsStandalone target not found
Native extension for OSXStandalone target not found
Native extension for WebGL target not found
Refreshing native plugins compatible for Editor in 0.43 ms, found 1 plugins.
Preloading 0 native plugins for Editor in 0.00 ms.
Invoked RoslynAnalysisRunner static constructor.
RoslynAnalysisRunner will not be running.
RoslynAnalysisRunner has terminated.
Mono: successfully reloaded assembly
- Completed reload, in  1.483 seconds
Platform modules already initialized, skipping
Refreshing native plugins compatible for Editor in 0.40 ms, found 1 plugins.
Preloading 0 native plugins for Editor in 0.00 ms.
Unloading 1091 Unused Serialized files (Serialized files now loaded: 0)
System memory in use before: 119.0 MB.
System memory in use after: 119.1 MB.

Unloading 5 unused Assets to reduce memory usage. Loaded Objects now: 1541.
Total: 2.924055 ms (FindLiveObjects: 0.326373 ms CreateObjectMapping: 0.129793 ms MarkObjects: 2.408612 ms  DeleteObjects: 0.058265 ms)

========================================================================
Received Prepare
Registering precompiled user dll's ...
Registered in 0.000993 seconds.
Begin MonoManager ReloadAssembly
Native extension for WindowsStandalone target not found
Native extension for OSXStandalone target not found
Native extension for WebGL target not found
Refreshing native plugins compatible for Editor in 0.25 ms, found 1 plugins.
Preloading 0 native plugins for Editor in 0.00 ms.
Invoked RoslynAnalysisRunner static constructor.
RoslynAnalysisRunner will not be running.
RoslynAnalysisRunner has terminated.
Mono: successfully reloaded assembly
- Completed reload, in  1.432 seconds
Platform modules already initialized, skipping
Refreshing native plugins compatible for Editor in 0.25 ms, found 1 plugins.
Preloading 0 native plugins for Editor in 0.00 ms.
Unloading 1091 Unused Serialized files (Serialized files now loaded: 0)
System memory in use before: 119.4 MB.
System memory in use after: 119.5 MB.

Unloading 5 unused Assets to reduce memory usage. Loaded Objects now: 1543.
Total: 2.283496 ms (FindLiveObjects: 0.302402 ms CreateObjectMapping: 0.107816 ms MarkObjects: 1.817546 ms  DeleteObjects: 0.054189 ms)

========================================================================
Received Prepare
Registering precompiled user dll's ...
Registered in 0.000726 seconds.
Begin MonoManager ReloadAssembly
Native extension for WindowsStandalone target not found
Native extension for OSXStandalone target not found
Native extension for WebGL target not found
Refreshing native plugins compatible for Editor in 0.25 ms, found 1 plugins.
Preloading 0 native plugins for Editor in 0.00 ms.
Invoked RoslynAnalysisRunner static constructor.
RoslynAnalysisRunner will not be running.
RoslynAnalysisRunner has terminated.
Mono: successfully reloaded assembly
- Completed reload, in  1.316 seconds
Platform modules already initialized, skipping
Refreshing native plugins compatible for Editor in 0.22 ms, found 1 plugins.
Preloading 0 native plugins for Editor in 0.00 ms.
Unloading 1091 Unused Serialized files (Serialized files now loaded: 0)
System memory in use before: 119.8 MB.
System memory in use after: 119.9 MB.

Unloading 5 unused Assets to reduce memory usage. Loaded Objects now: 1545.
Total: 2.503535 ms (FindLiveObjects: 0.310723 ms CreateObjectMapping: 0.101008 ms MarkObjects: 2.038485 ms  DeleteObjects: 0.051584 ms)

========================================================================
Received Prepare
Registering precompiled user dll's ...
Registered in 0.000475 seconds.
Begin MonoManager ReloadAssembly
Native extension for WindowsStandalone target not found
Native extension for OSXStandalone target not found
Native extension for WebGL target not found
Refreshing native plugins compatible for Editor in 0.47 ms, found 1 plugins.
Preloading 0 native plugins for Editor in 0.00 ms.
Invoked RoslynAnalysisRunner static constructor.
RoslynAnalysisRunner will not be running.
RoslynAnalysisRunner has terminated.
Mono: successfully reloaded assembly
- Completed reload, in  1.580 seconds
Platform modules already initialized, skipping
Refreshing native plugins compatible for Editor in 0.25 ms, found 1 plugins.
Preloading 0 native plugins for Editor in 0.00 ms.
Unloading 1091 Unused Serialized files (Serialized files now loaded: 0)
System memory in use before: 120.0 MB.
System memory in use after: 120.1 MB.

Unloading 5 unused Assets to reduce memory usage. Loaded Objects now: 1547.
Total: 1.837046 ms (FindLiveObjects: 0.178181 ms CreateObjectMapping: 0.045794 ms MarkObjects: 1.558886 ms  DeleteObjects: 0.053122 ms)

========================================================================
Received Prepare
Registering precompiled user dll's ...
Registered in 0.000445 seconds.
Begin MonoManager ReloadAssembly
Native extension for WindowsStandalone target not found
Native extension for OSXStandalone target not found
Native extension for WebGL target not found
Refreshing native plugins compatible for Editor in 0.22 ms, found 1 plugins.
Preloading 0 native plugins for Editor in 0.00 ms.
Invoked RoslynAnalysisRunner static constructor.
RoslynAnalysisRunner will not be running.
RoslynAnalysisRunner has terminated.
Mono: successfully reloaded assembly
- Completed reload, in  1.064 seconds
Platform modules already initialized, skipping
Refreshing native plugins compatible for Editor in 0.24 ms, found 1 plugins.
Preloading 0 native plugins for Editor in 0.00 ms.
Unloading 1091 Unused Serialized files (Serialized files now loaded: 0)
System memory in use before: 120.6 MB.
System memory in use after: 120.6 MB.

Unloading 5 unused Assets to reduce memory usage. Loaded Objects now: 1549.
Total: 1.943781 ms (FindLiveObjects: 0.273402 ms CreateObjectMapping: 0.062918 ms MarkObjects: 1.546509 ms  DeleteObjects: 0.059588 ms)

========================================================================
Received Import Request.
  Time since last request: 2001.650482 seconds.
  path: Assets/ReceivePosition.cs
  artifactKey: Guid(8c293f6cb702b41cf9a780ea4708e42b) Importer(815301076,1909f56bfc062723c751e8b465ee728b)
Start importing Assets/ReceivePosition.cs using Guid(8c293f6cb702b41cf9a780ea4708e42b) Importer(815301076,1909f56bfc062723c751e8b465ee728b)  -> (artifact id: '4fe6c38f4f9f81b4e75da9eb2048c533') in 0.013841 seconds
  Import took 0.017199 seconds .

========================================================================
Received Prepare
Registering precompiled user dll's ...
Registered in 0.000406 seconds.
Begin MonoManager ReloadAssembly
Native extension for WindowsStandalone target not found
Native extension for OSXStandalone target not found
Native extension for WebGL target not found
Refreshing native plugins compatible for Editor in 0.38 ms, found 1 plugins.
Preloading 0 native plugins for Editor in 0.00 ms.
Invoked RoslynAnalysisRunner static constructor.
RoslynAnalysisRunner will not be running.
RoslynAnalysisRunner has terminated.
Mono: successfully reloaded assembly
- Completed reload, in  1.484 seconds
Platform modules already initialized, skipping
Refreshing native plugins compatible for Editor in 0.20 ms, found 1 plugins.
Preloading 0 native plugins for Editor in 0.00 ms.
Unloading 1091 Unused Serialized files (Serialized files now loaded: 0)
System memory in use before: 120.9 MB.
System memory in use after: 121.0 MB.

Unloading 5 unused Assets to reduce memory usage. Loaded Objects now: 1551.
Total: 2.040030 ms (FindLiveObjects: 0.192696 ms CreateObjectMapping: 0.050936 ms MarkObjects: 1.730096 ms  DeleteObjects: 0.063967 ms)

========================================================================
Received Prepare
Registering precompiled user dll's ...
Registered in 0.000507 seconds.
Begin MonoManager ReloadAssembly
Native extension for WindowsStandalone target not found
Native extension for OSXStandalone target not found
Native extension for WebGL target not found
Refreshing native plugins compatible for Editor in 0.39 ms, found 1 plugins.
Preloading 0 native plugins for Editor in 0.00 ms.
Invoked RoslynAnalysisRunner static constructor.
RoslynAnalysisRunner will not be running.
RoslynAnalysisRunner has terminated.
Mono: successfully reloaded assembly
- Completed reload, in  1.643 seconds
Platform modules already initialized, skipping
Refreshing native plugins compatible for Editor in 0.22 ms, found 1 plugins.
Preloading 0 native plugins for Editor in 0.00 ms.
Unloading 1091 Unused Serialized files (Serialized files now loaded: 0)
System memory in use before: 121.3 MB.
System memory in use after: 121.4 MB.

Unloading 5 unused Assets to reduce memory usage. Loaded Objects now: 1553.
Total: 2.030917 ms (FindLiveObjects: 0.237811 ms CreateObjectMapping: 0.057677 ms MarkObjects: 1.681121 ms  DeleteObjects: 0.053038 ms)

========================================================================
Received Prepare
Registering precompiled user dll's ...
Registered in 0.000896 seconds.
Begin MonoManager ReloadAssembly
Native extension for WindowsStandalone target not found
Native extension for OSXStandalone target not found
Native extension for WebGL target not found
Refreshing native plugins compatible for Editor in 0.24 ms, found 1 plugins.
Preloading 0 native plugins for Editor in 0.00 ms.
Invoked RoslynAnalysisRunner static constructor.
RoslynAnalysisRunner will not be running.
RoslynAnalysisRunner has terminated.
Mono: successfully reloaded assembly
- Completed reload, in  1.428 seconds
Platform modules already initialized, skipping
Refreshing native plugins compatible for Editor in 0.29 ms, found 1 plugins.
Preloading 0 native plugins for Editor in 0.00 ms.
Unloading 1091 Unused Serialized files (Serialized files now loaded: 0)
System memory in use before: 121.7 MB.
System memory in use after: 121.8 MB.

Unloading 5 unused Assets to reduce memory usage. Loaded Objects now: 1555.
Total: 2.225489 ms (FindLiveObjects: 0.208290 ms CreateObjectMapping: 0.034995 ms MarkObjects: 1.926606 ms  DeleteObjects: 0.054439 ms)

========================================================================
Received Prepare
Registering precompiled user dll's ...
Registered in 0.000447 seconds.
Begin MonoManager ReloadAssembly
Native extension for WindowsStandalone target not found
Native extension for OSXStandalone target not found
Native extension for WebGL target not found
Refreshing native plugins compatible for Editor in 0.44 ms, found 1 plugins.
Preloading 0 native plugins for Editor in 0.00 ms.
Invoked RoslynAnalysisRunner static constructor.
RoslynAnalysisRunner will not be running.
RoslynAnalysisRunner has terminated.
Mono: successfully reloaded assembly
- Completed reload, in  1.230 seconds
Platform modules already initialized, skipping
Refreshing native plugins compatible for Editor in 0.23 ms, found 1 plugins.
Preloading 0 native plugins for Editor in 0.00 ms.
Unloading 1091 Unused Serialized files (Serialized files now loaded: 0)
System memory in use before: 121.9 MB.
System memory in use after: 122.0 MB.

Unloading 5 unused Assets to reduce memory usage. Loaded Objects now: 1557.
Total: 2.208314 ms (FindLiveObjects: 0.219456 ms CreateObjectMapping: 0.046576 ms MarkObjects: 1.840754 ms  DeleteObjects: 0.099994 ms)

========================================================================
Received Import Request.
  Time since last request: 1927.060832 seconds.
  path: Assets/ReceivePosition.cs
  artifactKey: Guid(8c293f6cb702b41cf9a780ea4708e42b) Importer(815301076,1909f56bfc062723c751e8b465ee728b)
Start importing Assets/ReceivePosition.cs using Guid(8c293f6cb702b41cf9a780ea4708e42b) Importer(815301076,1909f56bfc062723c751e8b465ee728b)  -> (artifact id: 'ecd109f2c134e2619ea4cc97945d1998') in 0.015236 seconds
  Import took 0.018731 seconds .

========================================================================
Received Import Request.
  Time since last request: 6.731347 seconds.
  path: Assets/Scenes/SampleScene.unity
  artifactKey: Guid(9fc0d4010bbf28b4594072e72b8655ab) Importer(815301076,1909f56bfc062723c751e8b465ee728b)
Start importing Assets/Scenes/SampleScene.unity using Guid(9fc0d4010bbf28b4594072e72b8655ab) Importer(815301076,1909f56bfc062723c751e8b465ee728b)  -> (artifact id: '3e385eca57aa1a7cc1775edde83a0abb') in 0.017600 seconds
  Import took 0.020927 seconds .

========================================================================
Received Import Request.
  Time since last request: 16.578447 seconds.
  path: Assets/Scenes/OSCReceiveSampleScene.unity
  artifactKey: Guid(9fc0d4010bbf28b4594072e72b8655ab) Importer(815301076,1909f56bfc062723c751e8b465ee728b)
Start importing Assets/Scenes/OSCReceiveSampleScene.unity using Guid(9fc0d4010bbf28b4594072e72b8655ab) Importer(815301076,1909f56bfc062723c751e8b465ee728b)  -> (artifact id: '76368d872633d3be613f7d791643838b') in 0.007314 seconds
  Import took 0.009639 seconds .

